<?xml version="1.0" encoding="UTF-8"?>
<!-- Generated by org.testng.reporters.JUnitXMLReporter -->
<testsuite hostname="BLRLW8335" ignored="0" name="Default test" tests="3" failures="0" timestamp="2020-01-07T14:08:13 IST" time="33.82" errors="0">
  <testcase name="titleTest" time="0.038" classname="com.crm.qa.testcases.LoginPageTest"/>
  <testcase name="notificationTest" time="0.628" classname="com.crm.qa.testcases.LoginPageTest"/>
  <testcase name="loginTest" time="1.218" classname="com.crm.qa.testcases.LoginPageTest"/>
</testsuite> <!-- Default test -->
