<?xml version="1.0" encoding="UTF-8"?>
<!-- Generated by org.testng.reporters.JUnitXMLReporter -->
<testsuite hostname="BLRLW8335" ignored="0" name="Command line test" tests="7" failures="1" timestamp="2020-01-09T09:19:36 IST" time="72.975" errors="0">
  <testcase name="verifyContactLabelTest" time="0.065" classname="com.crm.qa.testcases.ContactPageTest"/>
  <testcase name="verfiyHomePageTitleTest" time="0.01" classname="com.crm.qa.testcases.HomePageTest"/>
  <testcase name="verifyUserNameTest" time="2.855" classname="com.crm.qa.testcases.HomePageTest"/>
  <testcase name="verifyContactLnkText" time="2.666" classname="com.crm.qa.testcases.HomePageTest"/>
  <testcase name="titleTest" time="0.023" classname="com.crm.qa.testcases.LoginPageTest"/>
  <testcase name="notificationTest" time="0.493" classname="com.crm.qa.testcases.LoginPageTest">
    <failure type="java.lang.AssertionError" message="expected [true] but found [false]">
      <![CDATA[java.lang.AssertionError: expected [true] but found [false]
at com.crm.qa.testcases.LoginPageTest.notificationTest(LoginPageTest.java:36)
at java.util.ArrayList.forEach(ArrayList.java:1257)
... Removed 41 stack frames]]>
    </failure>
  </testcase> <!-- notificationTest -->
  <testcase name="loginTest" time="0.88" classname="com.crm.qa.testcases.LoginPageTest"/>
</testsuite> <!-- Command line test -->
