-------------------------------------------------------------------------------
Test set: TestSuite
-------------------------------------------------------------------------------
Tests run: 17, Failures: 3, Errors: 0, Skipped: 14, Time elapsed: 2.321 sec <<< FAILURE!
setup(com.crm.qa.testcases.ContactPageTest)  Time elapsed: 1.176 sec  <<< FAILURE!
java.lang.NullPointerException
	at org.openqa.selenium.support.events.EventFiringWebDriver.extractInterfaces(EventFiringWebDriver.java:120)
	at org.openqa.selenium.support.events.EventFiringWebDriver.<init>(EventFiringWebDriver.java:94)
	at com.crm.qa.base.TestCRMBase.intialisation(TestCRMBase.java:60)
	at com.crm.qa.testcases.ContactPageTest.setup(ContactPageTest.java:31)

setUp(com.crm.qa.testcases.HomePageTest)  Time elapsed: 1.184 sec  <<< FAILURE!
java.lang.NullPointerException
	at org.openqa.selenium.support.events.EventFiringWebDriver.extractInterfaces(EventFiringWebDriver.java:120)
	at org.openqa.selenium.support.events.EventFiringWebDriver.<init>(EventFiringWebDriver.java:94)
	at com.crm.qa.base.TestCRMBase.intialisation(TestCRMBase.java:60)
	at com.crm.qa.testcases.HomePageTest.setUp(HomePageTest.java:39)

setup(com.crm.qa.testcases.LoginPageTest)  Time elapsed: 1.188 sec  <<< FAILURE!
java.lang.NullPointerException
	at org.openqa.selenium.support.events.EventFiringWebDriver.extractInterfaces(EventFiringWebDriver.java:120)
	at org.openqa.selenium.support.events.EventFiringWebDriver.<init>(EventFiringWebDriver.java:94)
	at com.crm.qa.base.TestCRMBase.intialisation(TestCRMBase.java:60)
	at com.crm.qa.testcases.LoginPageTest.setup(LoginPageTest.java:23)

