<?xml version="1.0" encoding="UTF-8"?>
<testng-results skipped="0" failed="0" ignored="0" total="3" passed="3">
  <reporter-output>
  </reporter-output>
  <suite name="com.crm.qa.testcases.LoginPageTest" duration-ms="33422" started-at="2020-01-08T09:37:55 IST" finished-at="2020-01-08T09:38:29 IST">
    <groups>
    </groups>
    <test name="Command line test" duration-ms="33422" started-at="2020-01-08T09:37:55 IST" finished-at="2020-01-08T09:38:29 IST">
      <class name="com.crm.qa.testcases.LoginPageTest">
        <test-method status="PASS" signature="setup()[pri:0, instance:com.crm.qa.testcases.LoginPageTest@7085bdee]" name="setup" is-config="true" duration-ms="10664" started-at="2020-01-08T09:37:55 IST" finished-at="2020-01-08T09:38:06 IST">
          <reporter-output>
          </reporter-output>
        </test-method> <!-- setup -->
        <test-method status="PASS" signature="titleTest()[pri:1, instance:com.crm.qa.testcases.LoginPageTest@7085bdee]" name="titleTest" duration-ms="16" started-at="2020-01-08T09:38:06 IST" finished-at="2020-01-08T09:38:06 IST">
          <reporter-output>
          </reporter-output>
        </test-method> <!-- titleTest -->
        <test-method status="PASS" signature="tearDown()[pri:0, instance:com.crm.qa.testcases.LoginPageTest@7085bdee]" name="tearDown" is-config="true" duration-ms="828" started-at="2020-01-08T09:38:06 IST" finished-at="2020-01-08T09:38:07 IST">
          <reporter-output>
          </reporter-output>
        </test-method> <!-- tearDown -->
        <test-method status="PASS" signature="setup()[pri:0, instance:com.crm.qa.testcases.LoginPageTest@7085bdee]" name="setup" is-config="true" duration-ms="9550" started-at="2020-01-08T09:38:07 IST" finished-at="2020-01-08T09:38:16 IST">
          <reporter-output>
          </reporter-output>
        </test-method> <!-- setup -->
        <test-method status="PASS" signature="notificationTest()[pri:2, instance:com.crm.qa.testcases.LoginPageTest@7085bdee]" name="notificationTest" duration-ms="60" started-at="2020-01-08T09:38:16 IST" finished-at="2020-01-08T09:38:16 IST">
          <reporter-output>
          </reporter-output>
        </test-method> <!-- notificationTest -->
        <test-method status="PASS" signature="tearDown()[pri:0, instance:com.crm.qa.testcases.LoginPageTest@7085bdee]" name="tearDown" is-config="true" duration-ms="942" started-at="2020-01-08T09:38:16 IST" finished-at="2020-01-08T09:38:17 IST">
          <reporter-output>
          </reporter-output>
        </test-method> <!-- tearDown -->
        <test-method status="PASS" signature="setup()[pri:0, instance:com.crm.qa.testcases.LoginPageTest@7085bdee]" name="setup" is-config="true" duration-ms="8647" started-at="2020-01-08T09:38:17 IST" finished-at="2020-01-08T09:38:26 IST">
          <reporter-output>
          </reporter-output>
        </test-method> <!-- setup -->
        <test-method status="PASS" signature="loginTest()[pri:3, instance:com.crm.qa.testcases.LoginPageTest@7085bdee]" name="loginTest" duration-ms="1692" started-at="2020-01-08T09:38:26 IST" finished-at="2020-01-08T09:38:28 IST">
          <reporter-output>
          </reporter-output>
        </test-method> <!-- loginTest -->
        <test-method status="PASS" signature="tearDown()[pri:0, instance:com.crm.qa.testcases.LoginPageTest@7085bdee]" name="tearDown" is-config="true" duration-ms="959" started-at="2020-01-08T09:38:28 IST" finished-at="2020-01-08T09:38:29 IST">
          <reporter-output>
          </reporter-output>
        </test-method> <!-- tearDown -->
      </class> <!-- com.crm.qa.testcases.LoginPageTest -->
    </test> <!-- Command line test -->
  </suite> <!-- com.crm.qa.testcases.LoginPageTest -->
</testng-results>
