<?xml version="1.0" encoding="UTF-8" ?>
<testsuite tests="17" failures="3" name="TestSuite" time="24.717" errors="0" skipped="14">
  <properties>
[...]
</properties>
  <testcase classname="com.crm.qa.testcases.ContactPageTest" name="setup" time="1.176">
    <failure type="java.lang.NullPointerException">java.lang.NullPointerException
	at org.openqa.selenium.support.events.EventFiringWebDriver.extractInterfaces(EventFiringWebDriver.java:120)
	at org.openqa.selenium.support.events.EventFiringWebDriver.&lt;init&gt;(EventFiringWebDriver.java:94)
	at com.crm.qa.base.TestCRMBase.intialisation(TestCRMBase.java:60)
	at com.crm.qa.testcases.ContactPageTest.setup(ContactPageTest.java:31)
</failure>
    <system-out>Configuring TestNG with: org.apache.maven.surefire.testng.conf.TestNG652Configurator@136432db
</system-out>
  </testcase>
  <testcase classname="com.crm.qa.testcases.ContactPageTest" name="verifyContactLabelTest" time="1.176">
    <skipped/>
  </testcase>
  <testcase classname="com.crm.qa.testcases.HomePageTest" name="setUp" time="1.184">
    <failure type="java.lang.NullPointerException">java.lang.NullPointerException
	at org.openqa.selenium.support.events.EventFiringWebDriver.extractInterfaces(EventFiringWebDriver.java:120)
	at org.openqa.selenium.support.events.EventFiringWebDriver.&lt;init&gt;(EventFiringWebDriver.java:94)
	at com.crm.qa.base.TestCRMBase.intialisation(TestCRMBase.java:60)
	at com.crm.qa.testcases.HomePageTest.setUp(HomePageTest.java:39)
</failure>
  </testcase>
  <testcase classname="com.crm.qa.testcases.HomePageTest" name="verfiyHomePageTitleTest" time="1.184">
    <skipped/>
  </testcase>
  <testcase classname="com.crm.qa.testcases.LoginPageTest" name="setup" time="1.188">
    <failure type="java.lang.NullPointerException">java.lang.NullPointerException
	at org.openqa.selenium.support.events.EventFiringWebDriver.extractInterfaces(EventFiringWebDriver.java:120)
	at org.openqa.selenium.support.events.EventFiringWebDriver.&lt;init&gt;(EventFiringWebDriver.java:94)
	at com.crm.qa.base.TestCRMBase.intialisation(TestCRMBase.java:60)
	at com.crm.qa.testcases.LoginPageTest.setup(LoginPageTest.java:23)
</failure>
  </testcase>
  <testcase classname="com.crm.qa.testcases.LoginPageTest" name="titleTest" time="1.188">
    <skipped/>
  </testcase>
  <testcase classname="com.crm.qa.testcases.ContactPageTest" name="setup" time="1.192">
    <skipped/>
  </testcase>
  <testcase classname="com.crm.qa.testcases.ContactPageTest" name="createContactTest" time="1.192">
    <skipped/>
  </testcase>
  <testcase classname="com.crm.qa.testcases.HomePageTest" name="setUp" time="1.192">
    <skipped/>
  </testcase>
  <testcase classname="com.crm.qa.testcases.HomePageTest" name="verifyUserNameTest" time="1.192">
    <skipped/>
  </testcase>
  <testcase classname="com.crm.qa.testcases.LoginPageTest" name="setup" time="1.192">
    <skipped/>
  </testcase>
  <testcase classname="com.crm.qa.testcases.LoginPageTest" name="notificationTest" time="1.192">
    <skipped/>
  </testcase>
  <testcase classname="com.crm.qa.testcases.ContactPageTest" name="ValidateMultipleContactTest" time="2.093">
    <skipped/>
    <system-err>[Utils] [ERROR] [Error] java.lang.NullPointerException
	at com.crm.qa.util.TestUtil.getTestData(TestUtil.java:61)
	at com.crm.qa.testcases.ContactPageTest.getTestDataFromDataProvider(ContactPageTest.java:57)
	at sun.reflect.NativeMethodAccessorImpl.invoke0(Native Method)
	at sun.reflect.NativeMethodAccessorImpl.invoke(NativeMethodAccessorImpl.java:62)
	at sun.reflect.DelegatingMethodAccessorImpl.invoke(DelegatingMethodAccessorImpl.java:43)
	at java.lang.reflect.Method.invoke(Method.java:498)
	at org.testng.internal.MethodInvocationHelper.invokeMethod(MethodInvocationHelper.java:108)
	at org.testng.internal.MethodInvocationHelper.invokeMethod(MethodInvocationHelper.java:55)
	at org.testng.internal.MethodInvocationHelper.invokeMethodNoCheckedException(MethodInvocationHelper.java:45)
	at org.testng.internal.MethodInvocationHelper.invokeDataProvider(MethodInvocationHelper.java:115)
	at org.testng.internal.Parameters.handleParameters(Parameters.java:509)
	at org.testng.internal.Invoker.handleParameters(Invoker.java:1308)
	at org.testng.internal.Invoker.createParameters(Invoker.java:1036)
	at org.testng.internal.Invoker.invokeTestMethods(Invoker.java:1126)
	at org.testng.internal.TestMethodWorker.invokeTestMethods(TestMethodWorker.java:126)
	at org.testng.internal.TestMethodWorker.run(TestMethodWorker.java:109)
	at org.testng.TestRunner.privateRun(TestRunner.java:744)
	at org.testng.TestRunner.run(TestRunner.java:602)
	at org.testng.SuiteRunner.runTest(SuiteRunner.java:380)
	at org.testng.SuiteRunner.runSequentially(SuiteRunner.java:375)
	at org.testng.SuiteRunner.privateRun(SuiteRunner.java:340)
	at org.testng.SuiteRunner.run(SuiteRunner.java:289)
	at org.testng.SuiteRunnerWorker.runSuite(SuiteRunnerWorker.java:52)
	at org.testng.SuiteRunnerWorker.run(SuiteRunnerWorker.java:86)
	at org.testng.TestNG.runSuitesSequentially(TestNG.java:1301)
	at org.testng.TestNG.runSuitesLocally(TestNG.java:1226)
	at org.testng.TestNG.runSuites(TestNG.java:1144)
	at org.testng.TestNG.run(TestNG.java:1115)
	at org.apache.maven.surefire.testng.TestNGExecutor.run(TestNGExecutor.java:77)
	at org.apache.maven.surefire.testng.TestNGDirectoryTestSuite.executeMulti(TestNGDirectoryTestSuite.java:159)
	at org.apache.maven.surefire.testng.TestNGDirectoryTestSuite.execute(TestNGDirectoryTestSuite.java:99)
	at org.apache.maven.surefire.testng.TestNGProvider.invoke(TestNGProvider.java:106)
	at sun.reflect.NativeMethodAccessorImpl.invoke0(Native Method)
	at sun.reflect.NativeMethodAccessorImpl.invoke(NativeMethodAccessorImpl.java:62)
	at sun.reflect.DelegatingMethodAccessorImpl.invoke(DelegatingMethodAccessorImpl.java:43)
	at java.lang.reflect.Method.invoke(Method.java:498)
	at org.apache.maven.surefire.util.ReflectionUtils.invokeMethodWithArray(ReflectionUtils.java:189)
	at org.apache.maven.surefire.booter.ProviderFactory$ProviderProxy.invoke(ProviderFactory.java:165)
	at org.apache.maven.surefire.booter.ProviderFactory.invokeProvider(ProviderFactory.java:85)
	at org.apache.maven.surefire.booter.ForkedBooter.runSuitesInProcess(ForkedBooter.java:115)
	at org.apache.maven.surefire.booter.ForkedBooter.main(ForkedBooter.java:75)

</system-err>
  </testcase>
  <testcase classname="com.crm.qa.testcases.HomePageTest" name="setUp" time="2.093">
    <skipped/>
  </testcase>
  <testcase classname="com.crm.qa.testcases.HomePageTest" name="verifyContactLnkText" time="2.093">
    <skipped/>
  </testcase>
  <testcase classname="com.crm.qa.testcases.LoginPageTest" name="setup" time="2.093">
    <skipped/>
  </testcase>
  <testcase classname="com.crm.qa.testcases.LoginPageTest" name="loginTest" time="2.097">
    <skipped/>
  </testcase>
</testsuite>