<?xml version="1.0" encoding="UTF-8"?>
<!-- Generated by org.testng.reporters.JUnitXMLReporter -->
<testsuite hostname="BLRLW8335" ignored="0" name="Command line test" tests="3" failures="0" timestamp="2020-01-08T09:38:29 IST" time="33.422" errors="0">
  <testcase name="titleTest" time="0.016" classname="com.crm.qa.testcases.LoginPageTest"/>
  <testcase name="notificationTest" time="0.06" classname="com.crm.qa.testcases.LoginPageTest"/>
  <testcase name="loginTest" time="1.692" classname="com.crm.qa.testcases.LoginPageTest"/>
</testsuite> <!-- Command line test -->
